______________________________________________________________
Arbitrage Moeglichkeit !!! 
Timestamp: 1679311839.421358 2023-03-20 12:30:39.421358 
Niedrigster Ask Preis und QTY bei: Bitstamp 28200.0 und 13.26178556
Hoechster Bid Preis und QTY bei: Binance 28214.52723 und 33.25622
Obige Preise sind nach Gebuehren und somit existiert eine Arbitrage Möglichkeit 
Rendite wenn Trade erfolgreich ausgefuehrt wäre: 192.6570090408204
______________________________________________________________
Arbitrage Moeglichkeit !!! 
Timestamp: 1679311837.858643 2023-03-20 12:30:37.858643 
Niedrigster Ask Preis und QTY bei: Bitstamp 28200.0 und 13.29713236
Hoechster Bid Preis und QTY bei: Binance 28214.52723 und 34.81842
Obige Preise sind nach Gebuehren und somit existiert eine Arbitrage Möglichkeit 
Rendite wenn Trade erfolgreich ausgefuehrt wäre: 193.1705001341179
______________________________________________________________
Arbitrage Moeglichkeit !!! 
Timestamp: 1679311830.228514 2023-03-20 12:30:30.228514 
Niedrigster Ask Preis und QTY bei: Bitstamp 28200.0 und 13.38549936
Hoechster Bid Preis und QTY bei: Binance 28214.52723 und 67.93317
Obige Preise sind nach Gebuehren und somit existiert eine Arbitrage Möglichkeit 
Rendite wenn Trade erfolgreich ausgefuehrt wäre: 194.45422786753625
______________________________________________________________